<?xml version="1.0" encoding="UTF-8"?>
<!-- Generated by org.testng.reporters.JUnitReportReporter -->
<testsuite hostname="scondori" failures="0" tests="1" name="test.generators.inmuebles.empadronamiento.EmpadronamientoGen" time="77.753" errors="0" timestamp="16 feb. 2023 16:02:19 GMT" skipped="0">
  <testcase classname="test.generators.inmuebles.empadronamiento.EmpadronamientoGen" name="empadronamiento" time="77.753"/>
</testsuite> <!-- test.generators.inmuebles.empadronamiento.EmpadronamientoGen -->
