<?xml version="1.0" encoding="UTF-8"?>
<!-- Generated by org.testng.reporters.JUnitReportReporter -->
<testsuite hostname="scondori" failures="0" tests="1" name="test.generators.inmuebles.empadronamiento.EmpadronamientoGen" time="59.451" errors="0" timestamp="17 feb. 2023 13:24:28 GMT" skipped="0">
  <testcase classname="test.generators.inmuebles.empadronamiento.EmpadronamientoGen" name="empadronamiento" time="59.451"/>
</testsuite> <!-- test.generators.inmuebles.empadronamiento.EmpadronamientoGen -->
