<?xml version="1.0" encoding="UTF-8"?>
<!-- Generated by org.testng.reporters.JUnitReportReporter -->
<testsuite hostname="scondori" failures="0" tests="1" name="test.generators.inmuebles.basesImponiblesIP.BasesImponiblesIPGen" time="67.046" errors="0" timestamp="15 feb. 2023 18:22:07 GMT" skipped="0">
  <testcase classname="test.generators.inmuebles.basesImponiblesIP.BasesImponiblesIPGen" name="basesImponiblesIP" time="67.046"/>
</testsuite> <!-- test.generators.inmuebles.basesImponiblesIP.BasesImponiblesIPGen -->
